# JRE version: OpenJDK Runtime Environment GraalVM CE 22.3.0 (17.0.5+8) (build 17.0.5+8-jvmci-22.3-b08)
# Java VM: OpenJDK 64-Bit Server VM GraalVM CE 22.3.0 (17.0.5+8-jvmci-22.3-b08, mixed mode, sharing, tiered, jvmci, jvmci compiler, compressed oops, compressed class ptrs, parallel gc, linux-amd64)
GC Precious Log:
 CPUs: 8 total, 1 available
 Memory: 1024M
 Large Page Support: Disabled
 NUMA Support: Disabled
 Compressed Oops: Enabled (32-bit)
 Alignments: Space 512K, Generation 512K, Heap 2M
 Heap Min Capacity: 100M
 Heap Initial Capacity: 100M
 Heap Max Capacity: 512M
 Pre-touch: Disabled
 Parallel Workers: 1
Heap:
 PSYoungGen      total 53760K, used 40960K [0x00000000f5580000, 0x00000000f9c00000, 0x0000000100000000)
  eden space 40960K, 100% used [0x00000000f5580000,0x00000000f7d80000,0x00000000f7d80000)
  from space 12800K, 0% used [0x00000000f8f80000,0x00000000f8f80000,0x00000000f9c00000)
  to   space 14848K, 0% used [0x00000000f7d80000,0x00000000f7d80000,0x00000000f8c00000)
 ParOldGen       total 349696K, used 349695K [0x00000000e0000000, 0x00000000f5580000, 0x00000000f5580000)
  object space 349696K, 99% used [0x00000000e0000000,0x00000000f557ff78,0x00000000f5580000)
 Metaspace       used 60566K, committed 61760K, reserved 1105920K
  class space    used 5958K, committed 6464K, reserved 1048576K
GC Heap History (20 events):
Event: 859.475 GC heap before
{Heap before GC invocations=573 (full 407):
 PSYoungGen      total 53760K, used 40959K [0x00000000f5580000, 0x00000000f9c00000, 0x0000000100000000)
  eden space 40960K, 99% used [0x00000000f5580000,0x00000000f7d7fff0,0x00000000f7d80000)
  from space 12800K, 0% used [0x00000000f8f80000,0x00000000f8f80000,0x00000000f9c00000)
  to   space 14848K, 0% used [0x00000000f7d80000,0x00000000f7d80000,0x00000000f8c00000)
 ParOldGen       total 349696K, used 349688K [0x00000000e0000000, 0x00000000f5580000, 0x00000000f5580000)
  object space 349696K, 99% used [0x00000000e0000000,0x00000000f557e180,0x00000000f5580000)
 Metaspace       used 60566K, committed 61760K, reserved 1105920K
  class space    used 5958K, committed 6464K, reserved 1048576K
}
Event: 861.062 GC heap after
{Heap after GC invocations=573 (full 407):
 PSYoungGen      total 55808K, used 40959K [0x00000000f5580000, 0x00000000f9c00000, 0x0000000100000000)
  eden space 40960K, 99% used [0x00000000f5580000,0x00000000f7d7fee8,0x00000000f7d80000)
  from space 14848K, 0% used [0x00000000f7d80000,0x00000000f7d80000,0x00000000f8c00000)
  to   space 12800K, 0% used [0x00000000f8f80000,0x00000000f8f80000,0x00000000f9c00000)
 ParOldGen       total 349696K, used 349688K [0x00000000e0000000, 0x00000000f5580000, 0x00000000f5580000)
  object space 349696K, 99% used [0x00000000e0000000,0x00000000f557e180,0x00000000f5580000)
 Metaspace       used 60566K, committed 61760K, reserved 1105920K
  class space    used 5958K, committed 6464K, reserved 1048576K
}
Event: 861.064 GC heap before
{Heap before GC invocations=574 (full 408):
 PSYoungGen      total 55808K, used 40960K [0x00000000f5580000, 0x00000000f9c00000, 0x0000000100000000)
  eden space 40960K, 100% used [0x00000000f5580000,0x00000000f7d80000,0x00000000f7d80000)
  from space 14848K, 0% used [0x00000000f7d80000,0x00000000f7d80000,0x00000000f8c00000)
  to   space 12800K, 0% used [0x00000000f8f80000,0x00000000f8f80000,0x00000000f9c00000)
 ParOldGen       total 349696K, used 349688K [0x00000000e0000000, 0x00000000f5580000, 0x00000000f5580000)
  object space 349696K, 99% used [0x00000000e0000000,0x00000000f557e180,0x00000000f5580000)
 Metaspace       used 60566K, committed 61760K, reserved 1105920K
  class space    used 5958K, committed 6464K, reserved 1048576K
}
Event: 862.640 GC heap after
{Heap after GC invocations=574 (full 408):
 PSYoungGen      total 53760K, used 40959K [0x00000000f5580000, 0x00000000f9c00000, 0x0000000100000000)
  eden space 40960K, 99% used [0x00000000f5580000,0x00000000f7d7ff40,0x00000000f7d80000)
  from space 12800K, 0% used [0x00000000f8f80000,0x00000000f8f80000,0x00000000f9c00000)
  to   space 14848K, 0% used [0x00000000f7d80000,0x00000000f7d80000,0x00000000f8c00000)
 ParOldGen       total 349696K, used 349688K [0x00000000e0000000, 0x00000000f5580000, 0x00000000f5580000)
  object space 349696K, 99% used [0x00000000e0000000,0x00000000f557e180,0x00000000f5580000)
 Metaspace       used 60566K, committed 61760K, reserved 1105920K
  class space    used 5958K, committed 6464K, reserved 1048576K
}
Event: 862.641 GC heap before
{Heap before GC invocations=575 (full 409):
 PSYoungGen      total 53760K, used 40960K [0x00000000f5580000, 0x00000000f9c00000, 0x0000000100000000)
  eden space 40960K, 100% used [0x00000000f5580000,0x00000000f7d80000,0x00000000f7d80000)
  from space 12800K, 0% used [0x00000000f8f80000,0x00000000f8f80000,0x00000000f9c00000)
  to   space 14848K, 0% used [0x00000000f7d80000,0x00000000f7d80000,0x00000000f8c00000)
 ParOldGen       total 349696K, used 349688K [0x00000000e0000000, 0x00000000f5580000, 0x00000000f5580000)
  object space 349696K, 99% used [0x00000000e0000000,0x00000000f557e180,0x00000000f5580000)
 Metaspace       used 60566K, committed 61760K, reserved 1105920K
  class space    used 5958K, committed 6464K, reserved 1048576K
}
Event: 864.488 GC heap after
{Heap after GC invocations=575 (full 409):
 PSYoungGen      total 55808K, used 40959K [0x00000000f5580000, 0x00000000f9c00000, 0x0000000100000000)
  eden space 40960K, 99% used [0x00000000f5580000,0x00000000f7d7ffb8,0x00000000f7d80000)
  from space 14848K, 0% used [0x00000000f7d80000,0x00000000f7d80000,0x00000000f8c00000)
  to   space 12800K, 0% used [0x00000000f8f80000,0x00000000f8f80000,0x00000000f9c00000)
 ParOldGen       total 349696K, used 349688K [0x00000000e0000000, 0x00000000f5580000, 0x00000000f5580000)
  object space 349696K, 99% used [0x00000000e0000000,0x00000000f557e180,0x00000000f5580000)
 Metaspace       used 60566K, committed 61760K, reserved 1105920K
  class space    used 5958K, committed 6464K, reserved 1048576K
}
Event: 864.493 GC heap before
{Heap before GC invocations=576 (full 410):
 PSYoungGen      total 55808K, used 40960K [0x00000000f5580000, 0x00000000f9c00000, 0x0000000100000000)
  eden space 40960K, 100% used [0x00000000f5580000,0x00000000f7d80000,0x00000000f7d80000)
  from space 14848K, 0% used [0x00000000f7d80000,0x00000000f7d80000,0x00000000f8c00000)
  to   space 12800K, 0% used [0x00000000f8f80000,0x00000000f8f80000,0x00000000f9c00000)
 ParOldGen       total 349696K, used 349688K [0x00000000e0000000, 0x00000000f5580000, 0x00000000f5580000)
  object space 349696K, 99% used [0x00000000e0000000,0x00000000f557e180,0x00000000f5580000)
 Metaspace       used 60566K, committed 61760K, reserved 1105920K
  class space    used 5958K, committed 6464K, reserved 1048576K
}
Event: 866.257 GC heap after
{Heap after GC invocations=576 (full 410):
 PSYoungGen      total 53760K, used 40959K [0x00000000f5580000, 0x00000000f9c00000, 0x0000000100000000)
  eden space 40960K, 99% used [0x00000000f5580000,0x00000000f7d7ffe8,0x00000000f7d80000)
  from space 12800K, 0% used [0x00000000f8f80000,0x00000000f8f80000,0x00000000f9c00000)
  to   space 14848K, 0% used [0x00000000f7d80000,0x00000000f7d80000,0x00000000f8c00000)
 ParOldGen       total 349696K, used 349688K [0x00000000e0000000, 0x00000000f5580000, 0x00000000f5580000)
  object space 349696K, 99% used [0x00000000e0000000,0x00000000f557e180,0x00000000f5580000)
 Metaspace       used 60566K, committed 61760K, reserved 1105920K
  class space    used 5958K, committed 6464K, reserved 1048576K
}
Event: 866.257 GC heap before
{Heap before GC invocations=577 (full 411):
 PSYoungGen      total 53760K, used 40960K [0x00000000f5580000, 0x00000000f9c00000, 0x0000000100000000)
  eden space 40960K, 100% used [0x00000000f5580000,0x00000000f7d80000,0x00000000f7d80000)
  from space 12800K, 0% used [0x00000000f8f80000,0x00000000f8f80000,0x00000000f9c00000)
  to   space 14848K, 0% used [0x00000000f7d80000,0x00000000f7d80000,0x00000000f8c00000)
 ParOldGen       total 349696K, used 349688K [0x00000000e0000000, 0x00000000f5580000, 0x00000000f5580000)
  object space 349696K, 99% used [0x00000000e0000000,0x00000000f557e180,0x00000000f5580000)
 Metaspace       used 60566K, committed 61760K, reserved 1105920K
  class space    used 5958K, committed 6464K, reserved 1048576K
}
Event: 868.258 GC heap after
{Heap after GC invocations=577 (full 411):
 PSYoungGen      total 55808K, used 40960K [0x00000000f5580000, 0x00000000f9c00000, 0x0000000100000000)
  eden space 40960K, 100% used [0x00000000f5580000,0x00000000f7d80000,0x00000000f7d80000)
  from space 14848K, 0% used [0x00000000f7d80000,0x00000000f7d80000,0x00000000f8c00000)
  to   space 12800K, 0% used [0x00000000f8f80000,0x00000000f8f80000,0x00000000f9c00000)
 ParOldGen       total 349696K, used 349688K [0x00000000e0000000, 0x00000000f5580000, 0x00000000f5580000)
  object space 349696K, 99% used [0x00000000e0000000,0x00000000f557e180,0x00000000f5580000)
 Metaspace       used 60566K, committed 61760K, reserved 1105920K
  class space    used 5958K, committed 6464K, reserved 1048576K
}
Event: 868.262 GC heap before
{Heap before GC invocations=578 (full 412):
 PSYoungGen      total 55808K, used 40960K [0x00000000f5580000, 0x00000000f9c00000, 0x0000000100000000)
  eden space 40960K, 100% used [0x00000000f5580000,0x00000000f7d80000,0x00000000f7d80000)
  from space 14848K, 0% used [0x00000000f7d80000,0x00000000f7d80000,0x00000000f8c00000)
  to   space 12800K, 0% used [0x00000000f8f80000,0x00000000f8f80000,0x00000000f9c00000)
 ParOldGen       total 349696K, used 349692K [0x00000000e0000000, 0x00000000f5580000, 0x00000000f5580000)
  object space 349696K, 99% used [0x00000000e0000000,0x00000000f557f220,0x00000000f5580000)
 Metaspace       used 60566K, committed 61760K, reserved 1105920K
  class space    used 5958K, committed 6464K, reserved 1048576K
}
Event: 870.412 GC heap after
{Heap after GC invocations=578 (full 412):
 PSYoungGen      total 53760K, used 40959K [0x00000000f5580000, 0x00000000f9c00000, 0x0000000100000000)
  eden space 40960K, 99% used [0x00000000f5580000,0x00000000f7d7ff30,0x00000000f7d80000)
  from space 12800K, 0% used [0x00000000f8f80000,0x00000000f8f80000,0x00000000f9c00000)
  to   space 14848K, 0% used [0x00000000f7d80000,0x00000000f7d80000,0x00000000f8c00000)
 ParOldGen       total 349696K, used 349691K [0x00000000e0000000, 0x00000000f5580000, 0x00000000f5580000)
  object space 349696K, 99% used [0x00000000e0000000,0x00000000f557ef20,0x00000000f5580000)
 Metaspace       used 60566K, committed 61760K, reserved 1105920K
  class space    used 5958K, committed 6464K, reserved 1048576K
}
Event: 870.413 GC heap before
{Heap before GC invocations=579 (full 413):
 PSYoungGen      total 53760K, used 40959K [0x00000000f5580000, 0x00000000f9c00000, 0x0000000100000000)
  eden space 40960K, 99% used [0x00000000f5580000,0x00000000f7d7ffe8,0x00000000f7d80000)
  from space 12800K, 0% used [0x00000000f8f80000,0x00000000f8f80000,0x00000000f9c00000)
  to   space 14848K, 0% used [0x00000000f7d80000,0x00000000f7d80000,0x00000000f8c00000)
 ParOldGen       total 349696K, used 349691K [0x00000000e0000000, 0x00000000f5580000, 0x00000000f5580000)
  object space 349696K, 99% used [0x00000000e0000000,0x00000000f557ef20,0x00000000f5580000)
 Metaspace       used 60566K, committed 61760K, reserved 1105920K
  class space    used 5958K, committed 6464K, reserved 1048576K
}
Event: 872.239 GC heap after
{Heap after GC invocations=579 (full 413):
 PSYoungGen      total 55808K, used 40959K [0x00000000f5580000, 0x00000000f9c00000, 0x0000000100000000)
  eden space 40960K, 99% used [0x00000000f5580000,0x00000000f7d7ffc8,0x00000000f7d80000)
  from space 14848K, 0% used [0x00000000f7d80000,0x00000000f7d80000,0x00000000f8c00000)
  to   space 12800K, 0% used [0x00000000f8f80000,0x00000000f8f80000,0x00000000f9c00000)
 ParOldGen       total 349696K, used 349691K [0x00000000e0000000, 0x00000000f5580000, 0x00000000f5580000)
  object space 349696K, 99% used [0x00000000e0000000,0x00000000f557ef20,0x00000000f5580000)
 Metaspace       used 60566K, committed 61760K, reserved 1105920K
  class space    used 5958K, committed 6464K, reserved 1048576K
}
Event: 872.239 GC heap before
{Heap before GC invocations=580 (full 414):
 PSYoungGen      total 55808K, used 40959K [0x00000000f5580000, 0x00000000f9c00000, 0x0000000100000000)
  eden space 40960K, 99% used [0x00000000f5580000,0x00000000f7d7fff8,0x00000000f7d80000)
  from space 14848K, 0% used [0x00000000f7d80000,0x00000000f7d80000,0x00000000f8c00000)
  to   space 12800K, 0% used [0x00000000f8f80000,0x00000000f8f80000,0x00000000f9c00000)
 ParOldGen       total 349696K, used 349694K [0x00000000e0000000, 0x00000000f5580000, 0x00000000f5580000)
  object space 349696K, 99% used [0x00000000e0000000,0x00000000f557fba0,0x00000000f5580000)
 Metaspace       used 60566K, committed 61760K, reserved 1105920K
  class space    used 5958K, committed 6464K, reserved 1048576K
}
Event: 874.188 GC heap after
{Heap after GC invocations=580 (full 414):
 PSYoungGen      total 53760K, used 40959K [0x00000000f5580000, 0x00000000f9c00000, 0x0000000100000000)
  eden space 40960K, 99% used [0x00000000f5580000,0x00000000f7d7fd00,0x00000000f7d80000)
  from space 12800K, 0% used [0x00000000f8f80000,0x00000000f8f80000,0x00000000f9c00000)
  to   space 14848K, 0% used [0x00000000f7d80000,0x00000000f7d80000,0x00000000f8c00000)
 ParOldGen       total 349696K, used 349694K [0x00000000e0000000, 0x00000000f5580000, 0x00000000f5580000)
  object space 349696K, 99% used [0x00000000e0000000,0x00000000f557f9d8,0x00000000f5580000)
 Metaspace       used 60566K, committed 61760K, reserved 1105920K
  class space    used 5958K, committed 6464K, reserved 1048576K
}
Event: 874.191 GC heap before
{Heap before GC invocations=581 (full 415):
 PSYoungGen      total 53760K, used 40959K [0x00000000f5580000, 0x00000000f9c00000, 0x0000000100000000)
  eden space 40960K, 99% used [0x00000000f5580000,0x00000000f7d7ff90,0x00000000f7d80000)
  from space 12800K, 0% used [0x00000000f8f80000,0x00000000f8f80000,0x00000000f9c00000)
  to   space 14848K, 0% used [0x00000000f7d80000,0x00000000f7d80000,0x00000000f8c00000)
 ParOldGen       total 349696K, used 349694K [0x00000000e0000000, 0x00000000f5580000, 0x00000000f5580000)
  object space 349696K, 99% used [0x00000000e0000000,0x00000000f557f9d8,0x00000000f5580000)
 Metaspace       used 60566K, committed 61760K, reserved 1105920K
  class space    used 5958K, committed 6464K, reserved 1048576K
}
Event: 876.126 GC heap after
{Heap after GC invocations=581 (full 415):
 PSYoungGen      total 55808K, used 40959K [0x00000000f5580000, 0x00000000f9c00000, 0x0000000100000000)
  eden space 40960K, 99% used [0x00000000f5580000,0x00000000f7d7fd00,0x00000000f7d80000)
  from space 14848K, 0% used [0x00000000f7d80000,0x00000000f7d80000,0x00000000f8c00000)
  to   space 12800K, 0% used [0x00000000f8f80000,0x00000000f8f80000,0x00000000f9c00000)
 ParOldGen       total 349696K, used 349694K [0x00000000e0000000, 0x00000000f5580000, 0x00000000f5580000)
  object space 349696K, 99% used [0x00000000e0000000,0x00000000f557f9d8,0x00000000f5580000)
 Metaspace       used 60566K, committed 61760K, reserved 1105920K
  class space    used 5958K, committed 6464K, reserved 1048576K
}
Event: 876.126 GC heap before
{Heap before GC invocations=582 (full 416):
 PSYoungGen      total 55808K, used 40959K [0x00000000f5580000, 0x00000000f9c00000, 0x0000000100000000)
  eden space 40960K, 99% used [0x00000000f5580000,0x00000000f7d7fd00,0x00000000f7d80000)
  from space 14848K, 0% used [0x00000000f7d80000,0x00000000f7d80000,0x00000000f8c00000)
  to   space 12800K, 0% used [0x00000000f8f80000,0x00000000f8f80000,0x00000000f9c00000)
 ParOldGen       total 349696K, used 349694K [0x00000000e0000000, 0x00000000f5580000, 0x00000000f5580000)
  object space 349696K, 99% used [0x00000000e0000000,0x00000000f557f9d8,0x00000000f5580000)
 Metaspace       used 60566K, committed 61760K, reserved 1105920K
  class space    used 5958K, committed 6464K, reserved 1048576K
}
Event: 878.291 GC heap after
{Heap after GC invocations=582 (full 416):
 PSYoungGen      total 53760K, used 40959K [0x00000000f5580000, 0x00000000f9c00000, 0x0000000100000000)
  eden space 40960K, 99% used [0x00000000f5580000,0x00000000f7d7fd00,0x00000000f7d80000)
  from space 12800K, 0% used [0x00000000f8f80000,0x00000000f8f80000,0x00000000f9c00000)
  to   space 14848K, 0% used [0x00000000f7d80000,0x00000000f7d80000,0x00000000f8c00000)
 ParOldGen       total 349696K, used 349694K [0x00000000e0000000, 0x00000000f5580000, 0x00000000f5580000)
  object space 349696K, 99% used [0x00000000e0000000,0x00000000f557f9d8,0x00000000f5580000)
 Metaspace       used 60566K, committed 61760K, reserved 1105920K
  class space    used 5958K, committed 6464K, reserved 1048576K
}

